n/1638010293640.png
n/1638010293306.jpg
n/1638010293050.jpg
n/1638010293480.jpg
n/1638010293305.jpg
n/1638010293637.jpg
n/1638010293541.jpg
n/1638010293624.jpg
n/1638010293317.png
n/1638010293436.jpeg
n/1638010293026.jpg
n/1638010293321.jpg
n/1638010293724.jpg
n/1638010293354.jpg
n/1638010293741.jpg
n/1638010293126.jpg
n/1638010293505.jpg
n/1638010293408.jpg
n/1638010293148.jpg
n/1638010293751.jpg
n/1638010293423.jpg
n/1638010293320.png
n/1638010293360.jpg
n/1638010293294.jpg
n/1638010293769.jpg
n/1638010293310.jpg
n/1638010293683.png
n/1638010293736.jpeg
n/1638010293311.jpg
n/1638010293081.jpg
n/1638010293036.jpg
n/1638010293406.jpg
n/1638010293204.jpeg
n/1638010293563.jpg
n/1638010293426.jpg
n/1638010293670.jpg
n/1638010293301.jpg
n/1638010293210.jpg
n/1638010293545.jpg
n/1638010293299.jpg
n/1638010293345.jpg
n/1638010293384.jpg
n/1638010293247.jpg
n/1638010293601.png
n/1638010293566.jpg
n/1638010293652.png
n/1638010293057.jpg
n/1638010293674.jpg
n/1638010293317.jpg
n/1638010293186.jpg
n/1638010293759.png
n/1638010293065.jpg
n/1638010293189.jpg
n/1638010293063.jpg
n/1638010293379.jpg
n/1638010293315.png
n/1638010293314.png
n/1638010293237.jpg
n/1638010293349.jpeg
n/1638010293241.jpg
n/1638010293291.jpg
n/1638010293435.jpg
n/1638010293318.png
n/Crowd-of-people-some-in-masks-and-some....jpg
n/1638010293627.png
n/1638010293629.png
n/1638010293439.jpg
n/1638010293364.jpg
n/1638010293567.jpg
n/1638010293038.jpg
n/1638010293548.jpg
n/1638010293309.jpg
n/1638010293479.jpg
n/1638010293766.jpg
n/1638010293632.png
n/1638010293762.png
n/1638010293671.jpg
n/1638010293596.jpg
n/1638010293659.jpg
n/1638010293581.png
n/1638010293539.jpg
n/1638010293030.jpg
n/1638010293604.jpg
n/1638010293622.jpg
n/1638010293295.png
n/1638010293236.jpg
n/1638010293313.jpg
n/1638010293749.jpg
n/1638010293564.jpg
n/1638010293085.jpeg
n/1638010293654.png
n/1638010293162.jpg
n/1638010293404.jpg
n/1638010293244.jpg
n/1638010293378.jpg
n/1638010293693.jpg
n/1638010293156.jpg
n/1638010293130.jpg
n/1638010293568.jpg
n/1638010293024.jpg
n/1638010293561.jpg
n/1638010293348.jpeg
n/1638010293067.jpg
n/1638010293755.jpg
n/1638010293089.jpg
n/1638010293209.jpg
n/1638010293621.jpg
n/1638010293322.jpg
n/1638010293685.jpg
n/1638010293307.jpg
n/crowd-of-people-walking-on-street-in....jpg
n/1638010293139.jpg
n/1638010293362.jpg
n/1638010293297.jpg
n/1638010293594.jpg
n/1638010293556.jpg
n/1638010293034.jpg
n/1638010293176.jpeg
n/1638010293302.jpg
n/1638010293478.jpg
n/1638010293175.jpg
n/1638010293598.jpg
n/1638010293145.jpg
n/1638010293213.jpg
n/1638010293303.jpg
n/1638010293206.png
n/1638010293635.jpg
n/1638010293350.jpeg
n/1638010293137.jpg
n/1638010293220.jpg
n/1638010293402.jpg
n/1638010293442.jpg
n/1638010293382.jpg
n/1638010293776.jpg
n/1638010293582.jpg
n/1638010293440.jpg
n/1638010293540.jpg
n/1638010293298.jpg
n/1638010293772.jpg
n/1638010293292.jpg
n/1638010293118.jpg
n/1638010293197.jpg
n/1638010293049.jpg
n/1638010293090.jpg
n/1638010292961.jpg
n/1638010293224.jpg
n/1638010293421.jpg
n/1638010293424.jpg
n/1638010293202.jpeg
n/1638010293389.jpg
n/1638010293434.jpg
n/1638010293179.jpg
n/1638010293238.jpg
n/1638010293048.jpg
n/1638010293136.jpg
n/1638010293324.jpg
n/1638010293417.jpg
n/1638010293250.jpg
n/1638010293192.jpg
n/1638010293208.jpg
n/1638010293046.jpg
n/1638010293642.png
n/1638010293045.jpg
n/1638010293639.jpg
n/1638010293188.jpg
n/1638010293743.jpg
n/1638010293356.jpg
n/1638010293021.jpg
n/1638010293619.jpg
n/1638010293726.jpg
n/1638010293771.jpg
n/1638010293506.jpg
n/1638010293149.jpg
n/1638010293753.jpg
n/1638010293739.jpeg
n/1638010293082.jpg
n/1638010293407.jpg
n/1638010293201.jpeg
n/1638010293033.jpg
n/1638010293427.jpg
n/1638010293547.jpg
n/1638010293346.jpg
n/1638010293676.jpg
n/1638010293249.jpg
n/1638010293602.png
n/1638010293058.jpg
n/1638010293243.jpg
n/1638010293764.png
n/1638010293761.png
n/1638010293377.jpg
n/1638010293190.jpg
n/1638010293628.png
n/1638010293631.png
n/1638010293549.jpg
n/1638010293767.jpg
n/1638010293633.png
n/1638010293673.jpg
n/1638010293593.jpg
n/1638010293615.jpg
n/1638010293032.jpg
n/1638010293617.jpg
n/1638010293600.jpg
n/1638010293131.jpg
n/1638010293086.jpeg
n/1638010293163.jpg
n/1638010293246.jpg
n/1638010293380.jpg
n/1638010293029.jpg
n/1638010293068.jpg
n/1638010293757.jpg
n/1638010293625.jpg
n/1638010293134.jpg
n/1638010293363.jpg
n/1638010293597.jpg
n/1638010293178.jpeg
n/1638010293037.jpg
n/1638010293147.jpg
n/1638010293403.jpg
n/1638010293214.jpg
n/1638010293133.jpg
n/1638010293636.jpg
n/1638010293383.jpg
n/1638010293774.jpg
n/1638010293199.jpg
n/1638010293043.jpg
n/1638010293042.jpg
n/1638010293205.jpeg
n/1638010293225.jpg
n/1638010293326.jpg
n/1638010293141.jpg
n/1638010292967.jpg
n/1638010293240.jpg
n/1638010293193.jpg
n/1638010293051.jpg
n/1638010293181.jpg
n/1638010293651.jpg
n/1638010293287.jpg
n/1638010293252.jpg
n/1638010293091.jpg
n/1638010293103.jpg
n/1638010293041.png
n/1638010293339.jpg
n/1638010293411.jpg
n/1638010293431.jpg
n/1638010293078.jpg
n/1638010293650.jpeg
n/1638010293113.jpg
n/1638010293333.jpg
n/1638010293335.jpg
n/1638010293123.jpg
n/1638010293340.jpg
n/1638010293234.jpg
n/1638010293165.jpg
n/1638010293422.jpg
n/1638010293288.jpg
n/1638010293268.jpg
n/1638010293474.jpeg
n/1638010293334.jpg
n/1638010292998.jpg
n/1638010293789.jpg
n/1638010293501.jpg
n/1638010292950.png
n/1638010293449.jpg
n/1638010293080.jpg
n/1638010293733.png
n/1638010293158.jpg
n/1638010293059.jpg
n/1638010293076.jpg
n/1638010293272.jpg
n/1638010293590.jpg
n/1638010293169.jpeg
n/1638010293166.jpg
n/1638010293392.png
n/1638010293552.jpg
n/1638010293447.jpg
n/1638010293678.jpg
n/1638010293560.jpeg
n/1638010293658.jpg
n/1638010293655.jpg
n/1638010293108.jpg
n/1638010293039.jpeg
n/1638010293216.jpeg
n/1638010293171.jpeg
n/1638010293290.jpg
n/1638010293055.jpg
n/1638010293390.png
n/1638010293661.jpg
n/1638010293497.png
n/1638010293786.jpg
n/1638010293061.jpg
n/1638010293159.jpg
n/1638010293551.jpeg
n/1638010293338.jpg
n/1638010292956.jpg
n/1638010293681.jpg
n/1638010293688.jpg
n/1638010293109.jpg
n/1638010293657.jpg
n/1638010293114.png
n/1638010293332.png
n/1638010293167.jpg
n/1638010293074.jpg
n/1638010293682.jpg
n/1638010293495.jpg
n/1638010293510.jpg
n/1638010293591.jpg
n/1638010293330.jpeg
n/1638010293106.jpeg
n/1638010293077.jpg
n/1638010293352.jpg
n/1638010293344.png
n/1638010293482.jpg
n/1638010293533.jpg
n/1638010293788.jpeg
n/1638010293502.jpg
n/1638010293493.png
n/1638010293680.jpg
n/1638010293570.jpg
n/1638010293358.jpg
n/1638010293368.jpg
n/1638010293706.jpg
n/1638010293371.jpg
n/1638010293231.jpg
n/1638010293528.jpeg
n/1638010293729.jpg
n/1638010293475.jpg
n/1638010293127.jpg
n/1638010293172.jpg
n/1638010293467.jpg
n/1638010293443.png
n/1638010293265.jpeg
n/1638010293575.jpeg
n/1638010293525.jpg
n/1638010293667.jpg
n/1638010293727.png
n/1638010293507.jpg
n/1638010293695.jpg
n/1638010293233.jpg
n/1638010293461.jpg
n/1638010293386.jpg
n/1638010293586.jpg
n/1638010292987.jpg
n/1638010293227.png
n/1638010293064.jpg
n/1638010293217.jpg
n/1638010293415.jpeg
n/1638010293709.jpg
n/1638010293578.jpg
n/1638010293282.png
n/1638010293791.png
n/1638010293713.png
n/1638010293485.jpg
n/1638010293438.png
n/1638010293532.jpg
n/1638010293142.jpg
n/1638010293783.jpg
n/1638010293153.jpg
n/1638010293731.jpg
n/1638010293267.jpg
n/1638010293690.jpg
n/1638010293400.jpg
n/1638010293491.png
n/1638010293471.jpg
n/1638010293432.jpg
n/1638010293116.jpg
n/1638010293517.jpg
n/1638010293468.jpg
n/1638010293509.jpg
n/1638010293370.jpg
n/1638010293072.jpg
n/1638010293456.jpg
n/1638010293110.jpg
n/1638010293151.jpg
n/1638010293053.jpg
n/1638010293792.png
n/1638010293511.jpg
n/1638010293583.jpg
n/1638010293470.png
n/1638010293455.jpeg
n/1638010293183.jpg
n/1638010293686.jpg
n/1638010293276.jpg
n/1638010293155.jpg
n/1638010293557.jpg
n/1638010293274.jpg
n/1638010293520.jpg
n/1638010293397.jpg
n/1638010293174.jpg
n/1638010293464.png
n/1638010293460.jpg
n/1638010293284.jpg
n/1638010293665.jpg
n/1638010293781.jpg
n/1638010293373.jpg
n/1638010293212.jpg
n/1638010292982.jpg
n/1638010293270.jpg
n/1638010293375.jpg
n/1638010293280.png
n/1638010293393.jpg
n/1638010293487.jpg
n/1638010293342.jpg
n/1638010293395.jpg
n/1638010293543.png
n/1638010293120.jpg
n/1638010293677.jpg
n/1638010293070.jpg
n/1638010293419.jpg
n/1638010293522.jpg
n/1638010293195.jpg
n/1638010293579.jpg
n/1638010293746.jpg
n/1638010293646.jpg
n/1638010293374.jpg
n/1638010293702.jpg
n/1638010293514.jpeg
n/1638010292977.jpg
n/1638010293410.jpg
n/1638010292972.jpg
n/1638010293663.jpg
n/1638010293553.png
n/1638010293125.png
n/1638010293777.jpeg
n/1638010293472.jpg
n/1638010293327.jpeg
n/1638010293088.jpg
n/1638010293412.jpg
n/1638010293716.jpg
n/1638010293016.jpg
n/1638010293459.jpg
n/1638010293643.jpg
n/1638010293160.jpg
n/1638010293498.jpg
n/1638010293230.jpg
n/1638010293536.jpg
n/1638010293084.jpg
n/1638010293394.jpg
n/1638010293572.jpg
n/1638010293196.jpg
n/1638010293013.jpg
n/1638010293444.jpg
n/1638010293401.jpg
n/1638010293720.jpeg
n/1638010293701.jpg
n/1638010293010.jpg
n/1638010293182.jpg
n/1638010293221.jpg
n/1638010293451.jpg
n/1638010293261.jpg
n/1638010293453.jpg
n/1638010293587.jpeg
n/1638010293398.jpg
n/1638010293367.jpg
n/1638010293105.jpg
n/1638010293465.jpg
n/1638010293253.jpg
n/1638010292992.jpg
n/1638010293366.png
n/1638010293256.jpg
n/1638010293457.jpg
n/1638010293463.jpg
n/1638010293647.jpeg
n/1638010293428.jpg
n/1638010293258.jpg
n/1638010293490.png
n/1638010293353.jpg
n/1638010293697.jpg
n/1638010293484.jpg
n/1638010293279.png
n/1638010293531.jpg
n/1638010293503.jpg
n/1638010293571.jpg
n/1638010293359.jpg
n/1638010293529.jpeg
n/1638010293707.jpg
n/1638010293526.jpg
n/1638010293476.jpg
n/1638010293387.jpg
n/1638010293129.jpg
n/1638010293576.jpeg
n/1638010293486.jpg
n/1638010293669.jpg
n/1638010293229.png
n/1638010293416.jpeg
n/1638010293219.jpg
n/1638010293711.jpg
n/1638010293714.png
n/1638010293144.jpg
n/1638010293494.png
n/1638010293535.jpg
n/1638010293780.jpg
n/1638010293692.jpg
n/1638010293112.jpg
n/1638010293283.png
n/1638010293513.jpg
n/1638010293117.jpg
n/1638010293152.jpg
n/1638010293069.jpg
n/1638010293518.jpg
n/1638010293054.jpg
n/1638010293585.jpg
n/1638010293521.jpg
n/1638010293185.jpg
n/1638010293489.jpg
n/1638010293286.jpg
n/1638010293278.jpg
n/1638010293275.jpg
n/1638010293662.jpg
n/1638010293559.jpg
n/1638010293785.jpg
n/1638010293747.jpg
n/1638010293271.jpg
n/1638010293544.png
n/1638010293006.jpg
n/1638010293121.jpg
n/1638010293073.jpg
n/1638010293524.jpg
n/1638010293516.jpeg
n/1638010293698.jpg
n/1638010293002.jpg
n/1638010293666.jpg
n/1638010293414.jpg
n/1638010293555.png
n/1638010293019.jpg
n/1638010293778.jpeg
n/1638010293644.jpg
n/1638010293329.jpeg
n/1638010293718.jpg
n/1638010293499.jpg
n/1638010293722.jpeg
n/1638010293537.jpg
n/1638010293574.jpg
n/1638010293446.jpg
n/1638010293704.jpg
n/1638010293263.jpg
n/1638010293254.jpg
n/1638010293257.jpg
n/1638010293223.jpg
n/1638010293648.jpeg
n/1638010293260.jpg
n/1638010293589.jpeg
n/1638010293430.jpg
n/1638010294002.png
n/1638010294009.png
n/1638010293871.png
n/1638010293999.png
n/1638010294034.png
n/1638010293988.png
n/1638010294054.png
n/1638010293870.png
n/1638010294055.png
n/1638010293872.png
n/1638010293934.png
n/1638010293909.png
n/1638010293943.png
n/1638010293974.png
n/1638010293941.png
n/1638010293922.png
n/1638010293978.png
n/1638010293958.png
n/1638010293929.png
n/1638010293949.png
n/1638010293947.png
n/1638010293966.png
n/1638010293960.png