p/IMG_20211201_071829.jpg 1 0 0 3000 4000
p/IMG_20211201_071826.jpg 1 0 0 3000 4000
p/IMG_20211201_071825.jpg 1 0 0 3000 4000
p/IMG_20211201_071823__01.jpg 1 0 0 3000 4000
p/IMG_20211201_071823.jpg 1 0 0 3000 4000
p/IMG_20211201_071822.jpg 1 0 0 3000 4000
p/IMG_20211201_071822__01.jpg 1 0 0 3000 4000
p/IMG_20211201_071821.jpg 1 0 0 3000 4000
p/IMG_20211201_071821__01.jpg 1 0 0 3000 4000
p/IMG_20211201_071817.jpg 1 0 0 3000 4000
p/IMG_20211201_071818.jpg 1 0 0 3000 4000
p/IMG_20211201_071815.jpg 1 0 0 3000 4000
p/IMG_20211201_071807.jpg 1 0 0 3000 4000
p/IMG_20211201_071807__01.jpg 1 0 0 3000 4000
p/IMG_20211201_071806__01.jpg 1 0 0 3000 4000
p/IMG_20211201_071806.jpg 1 0 0 3000 4000
p/IMG_20211201_071805.jpg 1 0 0 3000 4000
p/IMG_20211201_071805__01.jpg 1 0 0 3000 4000
p/IMG_20211201_071804.jpg 1 0 0 3000 4000
p/IMG_20211201_071803.jpg 1 0 0 3000 4000
p/IMG_20211201_071803__01.jpg 1 0 0 3000 4000
p/IMG_20211201_071802.jpg 1 0 0 3000 4000
p/IMG_20211201_071802__01.jpg 1 0 0 3000 4000
p/IMG_20211201_071800__01.jpg 1 0 0 3000 4000
p/IMG_20211201_071801.jpg 1 0 0 3000 4000
p/IMG_20211201_071759.jpg 1 0 0 3000 4000
p/IMG_20211201_071800.jpg 1 0 0 3000 4000
p/IMG_20211201_071758__01.jpg 1 0 0 3000 4000
p/IMG_20211201_071757__01.jpg 1 0 0 3000 4000
p/IMG_20211201_071758.jpg 1 0 0 3000 4000
p/IMG_20211201_071756.jpg 1 0 0 3000 4000
p/IMG_20211201_071757.jpg 1 0 0 3000 4000
p/IMG_20211201_071755__01.jpg 1 0 0 3000 4000
p/IMG_20211201_071754__01.jpg 1 0 0 3000 4000
p/IMG_20211201_071755.jpg 1 0 0 3000 4000
p/IMG_20211201_071754.jpg 1 0 0 3000 4000
p/IMG_20211201_071728.jpg 1 0 0 4000 3000
p/IMG_20211201_071729__01.jpg 1 0 0 4000 3000
p/IMG_20211201_071732.jpg 1 0 0 4000 3000
p/IMG_20211201_071733.jpg 1 0 0 4000 3000
p/IMG_20211201_071731.jpg 1 0 0 4000 3000
p/IMG_20211201_071731__01.jpg 1 0 0 4000 3000
p/IMG_20211201_071730.jpg 1 0 0 4000 3000
p/IMG_20211201_071729.jpg 1 0 0 4000 3000
p/IMG_20211201_071728__01.jpg 1 0 0 4000 3000
p/IMG_20211201_071727.jpg 1 0 0 4000 3000
p/IMG_20211201_071726.jpg 1 0 0 4000 3000
p/IMG_20211201_071726__01.jpg 1 0 0 4000 3000
p/IMG_20211201_071725__01.jpg 1 0 0 4000 3000
p/IMG_20211201_071725.jpg 1 0 0 4000 3000
p/IMG_20211201_071715__01.jpg 1 0 0 3000 4000
p/IMG_20211201_071716.jpg 1 0 0 3000 4000
p/IMG_20211201_071715.jpg 1 0 0 3000 4000
p/IMG_20211201_071713__01.jpg 1 0 0 3000 4000
p/IMG_20211201_071714.jpg 1 0 0 3000 4000
p/IMG_20211201_071713.jpg 1 0 0 3000 4000
p/IMG_20211201_071710.jpg 1 0 0 3000 4000
p/IMG_20211201_071709.jpg 1 0 0 3000 4000
p/IMG_20211201_071709__01.jpg 1 0 0 3000 4000
p/IMG_20211201_071708.jpg 1 0 0 3000 4000
p/IMG_20211201_071707.jpg 1 0 0 3000 4000
p/IMG_20211201_071707__01.jpg 1 0 0 3000 4000
p/IMG_20211201_071706__01.jpg 1 0 0 3000 4000
p/IMG_20211201_071706.jpg 1 0 0 3000 4000
p/IMG_20211201_071659.jpg 1 0 0 3000 4000
p/IMG_20211201_071700.jpg 1 0 0 3000 4000
p/IMG_20211201_071655.jpg 1 0 0 3000 4000
p/IMG_20211201_071654.jpg 1 0 0 3000 4000
p/IMG_20211201_071647.jpg 1 0 0 4000 3000
p/IMG_20211201_071646.jpg 1 0 0 4000 3000
p/IMG_20211201_071645.jpg 1 0 0 4000 3000
p/IMG_20211201_071644.jpg 1 0 0 4000 3000
p/IMG_20211201_071637.jpg 1 0 0 3000 4000
p/IMG_20211201_071636.jpg 1 0 0 3000 4000
p/IMG_20211201_071629.jpg 1 0 0 3000 4000
p/IMG_20211201_071628.jpg 1 0 0 3000 4000
p/IMG_20211201_071627.jpg 1 0 0 3000 4000
p/IMG_20211201_071627__01.jpg 1 0 0 3000 4000
p/IMG_20211201_071625__01.jpg 1 0 0 3000 4000
p/IMG_20211201_071624__01.jpg 1 0 0 3000 4000
p/IMG_20211201_071625.jpg 1 0 0 3000 4000
p/IMG_20211201_071624.jpg 1 0 0 3000 4000
p/IMG_20211201_071623.jpg 1 0 0 3000 4000